<?xml version="1.0" encoding="UTF-8"?>
<!-- Generated by org.testng.reporters.JUnitXMLReporter -->
<testsuite ignored="0" hostname="DESKTOP-K8DIB7L" failures="0" tests="4" name="Default test" time="0.125" errors="0" timestamp="2024-03-04T19:28:13 IST">
  <testcase classname="userModule.PriorityPractice" name="edit" time="0.02"/>
  <testcase classname="userModule.PriorityPractice" name="graph" time="0.002"/>
  <testcase classname="userModule.PriorityPractice" name="create" time="0.002"/>
  <testcase classname="userModule.PriorityPractice" name="delete" time="0.001"/>
</testsuite> <!-- Default test -->
