<?xml version="1.0" encoding="UTF-8"?>
<!-- Generated by org.testng.reporters.JUnitXMLReporter -->
<testsuite ignored="3" hostname="DESKTOP-K8DIB7L" failures="0" tests="2" name="Test2" time="15.412" errors="0" timestamp="2024-02-28T12:41:13 IST">
  <testcase classname="staffModule1.ViewCustomerByAccNoTest" name="viewActiveCustomer" time="0.762"/>
  <testcase classname="staffModule1.ViewCustomerByAccNoTest" name="viewCustomerByAccNo" time="1.872"/>
  <testcase classname="com.obs.generic.utilities.BaseClass" name="@AfterSuite afterSuite" time="0.0">
    <ignored/>
  </testcase> <!-- @AfterSuite afterSuite -->
  <testcase classname="staffModule1.ViewAtiveCustomerTest" name="viewActiveCustomer" time="0.0">
    <ignored/>
  </testcase> <!-- viewActiveCustomer -->
  <testcase classname="com.obs.generic.utilities.BaseClass" name="@BeforeSuite beforeSuite" time="0.0">
    <ignored/>
  </testcase> <!-- @BeforeSuite beforeSuite -->
</testsuite> <!-- Test2 -->
