<?xml version="1.0" encoding="UTF-8"?>
<!-- Generated by org.testng.reporters.JUnitXMLReporter -->
<testsuite ignored="0" hostname="DESKTOP-K8DIB7L" failures="1" tests="1" name="Test" time="8.525" errors="0" timestamp="2024-03-01T14:47:30 IST">
  <testcase classname="staffModule1.ViewAtiveCustomerTest" name="viewActiveCustomer" time="2.571">
    <failure type="java.lang.AssertionError" message="null">
      <![CDATA[java.lang.AssertionError: null
at staffModule1.ViewAtiveCustomerTest.viewActiveCustomer(ViewAtiveCustomerTest.java:19)
at java.base/java.util.ArrayList.forEach(ArrayList.java:1511)
at java.base/java.util.concurrent.FutureTask.run(FutureTask.java:264)
at java.base/java.util.concurrent.ThreadPoolExecutor.runWorker(ThreadPoolExecutor.java:1136)
at java.base/java.util.concurrent.ThreadPoolExecutor$Worker.run(ThreadPoolExecutor.java:635)
at java.base/java.lang.Thread.run(Thread.java:833)
... Removed 19 stack frames]]>
    </failure>
  </testcase> <!-- viewActiveCustomer -->
</testsuite> <!-- Test -->
