<?xml version="1.0" encoding="UTF-8"?>
<testng-results ignored="0" total="4" passed="4" failed="0" skipped="0">
  <reporter-output>
  </reporter-output>
  <suite started-at="2024-03-04T19:28:13 IST" name="Default suite" finished-at="2024-03-04T19:28:13 IST" duration-ms="125">
    <groups>
    </groups>
    <test started-at="2024-03-04T19:28:13 IST" name="Default test" finished-at="2024-03-04T19:28:13 IST" duration-ms="125">
      <class name="userModule.PriorityPractice">
        <test-method signature="edit()[pri:0, instance:userModule.PriorityPractice@20140db9]" started-at="2024-03-04T19:28:13 IST" name="edit" finished-at="2024-03-04T19:28:13 IST" duration-ms="20" status="PASS">
          <reporter-output>
          </reporter-output>
        </test-method> <!-- edit -->
        <test-method signature="graph()[pri:0, instance:userModule.PriorityPractice@20140db9]" started-at="2024-03-04T19:28:13 IST" name="graph" finished-at="2024-03-04T19:28:13 IST" duration-ms="2" status="PASS">
          <reporter-output>
          </reporter-output>
        </test-method> <!-- graph -->
        <test-method signature="create()[pri:0, instance:userModule.PriorityPractice@20140db9]" started-at="2024-03-04T19:28:13 IST" name="create" finished-at="2024-03-04T19:28:13 IST" duration-ms="2" status="PASS">
          <reporter-output>
          </reporter-output>
        </test-method> <!-- create -->
        <test-method signature="delete()[pri:0, instance:userModule.PriorityPractice@20140db9]" started-at="2024-03-04T19:28:13 IST" name="delete" finished-at="2024-03-04T19:28:13 IST" depends-on-methods="userModule.PriorityPractice.edit" duration-ms="1" status="PASS">
          <reporter-output>
          </reporter-output>
        </test-method> <!-- delete -->
      </class> <!-- userModule.PriorityPractice -->
    </test> <!-- Default test -->
  </suite> <!-- Default suite -->
</testng-results>
